[2026-06-08 16:53:17] [INFO] ═══════════════════════════════════════════════════════════════
[2026-06-08 16:53:17] [INFO] 📚 JIRA SPECS UPLOAD - FEATURE FILES & TEST DOCUMENTATION
[2026-06-08 16:53:17] [INFO] ═══════════════════════════════════════════════════════════════
[2026-06-08 16:53:17] [INFO] 📋 Story Information:
[2026-06-08 16:53:17] [INFO]    Story Name: JiraStory1
[2026-06-08 16:53:17] [INFO]    Story Key: SCRUM-6
[2026-06-08 16:53:17] [INFO]    Epic: SCRUM-7
[2026-06-08 16:53:17] [INFO]    Scrum: Sprint 1
[2026-06-08 16:53:17] [INFO]    Jira URL: https://hexaware-team-fshzf12b.atlassian.net//browse/SCRUM-6
[2026-06-08 16:53:17] [INFO] 🔍 Files to upload:
[2026-06-08 16:53:17] [INFO]    1. AIR-6.feature (Feature File) from features/ - ✗
[2026-06-08 16:53:17] [INFO]    2. AIR-6-TEST-PLAN.md (Test Plan) from specs/ - ✗
[2026-06-08 16:53:17] [INFO]    3. AIR-6-TEST-CASES.md (Test Cases) from specs/ - ✗
[2026-06-08 16:53:17] [INFO] 📥 Fetching existing attachments from Jira...
[2026-06-08 16:53:17] [INFO] 📋 Found 3 existing attachment(s)
[2026-06-08 16:53:17] [INFO] 🗑️  Checking for existing files to replace...
[2026-06-08 16:53:17] [INFO]    ⟳ Removing old version of AIR-6.feature (ID: 10000)
[2026-06-08 16:53:18] [INFO]    ✅ Deleted: AIR-6.feature
[2026-06-08 16:53:18] [INFO]    ⟳ Removing old version of AIR-6-TEST-PLAN.md (ID: 10001)
[2026-06-08 16:53:19] [INFO]    ✅ Deleted: AIR-6-TEST-PLAN.md
[2026-06-08 16:53:19] [INFO]    ⟳ Removing old version of AIR-6-TEST-CASES.md (ID: 10002)
[2026-06-08 16:53:19] [INFO]    ✅ Deleted: AIR-6-TEST-CASES.md
